[debug] ----------------------------------------------------------------------
[debug] Command:      node /usr/local/bin/firebase deploy
[debug] CLI Version:  3.0.2
[debug] Platform:     darwin
[debug] Node Version: v0.10.33
[debug] Time:         Tue Jun 28 2016 17:30:00 GMT+1000 (AEST)
[debug] ----------------------------------------------------------------------
[debug] 
[debug] > command requires scopes: ["email","openid","https://www.googleapis.com/auth/cloudplatformprojects.readonly","https://www.googleapis.com/auth/firebase"]
[debug] >>> HTTP REQUEST GET https://admin.firebase.com/v1/projects/threejsthing 
[debug] <<< HTTP RESPONSE 200
[debug] >>> HTTP REQUEST GET https://admin.firebase.com/v1/database/threejsthing/tokens 
[debug] <<< HTTP RESPONSE 200
[info] 
[info] === Deploying to 'threejsthing'...
[info] 
[info] i  deploying database, hosting
[info] i  hosting: preparing public directory for upload...
[debug] >>> HTTP REQUEST PUT https://deploy.firebase.com/v1/hosting/threejsthing/uploads/-KLKuZKVgtE25ObvK_cN?fileCount=37&message= 
[debug] <<< HTTP RESPONSE 200
[info] ✔  hosting: 37 files uploaded successfully
[info] i  starting release process (may take several minutes)...
[debug] >>> HTTP REQUEST POST https://deploy.firebase.com/v1/projects/threejsthing/releases
[debug] ----------------------------------------------------------------------
[debug] Command:      g:\Porgrams\node\node.exe c:\Users\Ren Riz\AppData\Roaming\npm\node_modules\firebase-tools\bin\firebase serve
[debug] CLI Version:  3.0.2
[debug] Platform:     win32
[debug] Node Version: v0.12.2
[debug] Time:         Tue Jun 28 2016 19:17:24 GMT+1000 (AUS Eastern Standard Time)
[debug] ----------------------------------------------------------------------
[debug] 
[info] Starting Firebase development server...
[info] 
[info] Project Directory: c:\Users\Ren Riz\desktop\threejsthing
[info] Public Directory: public
[info] 
[info] Server listening at: http://localhost:5000
